[debug] [2019-08-02T03:42:09.870Z] ----------------------------------------------------------------------
[debug] [2019-08-02T03:42:09.872Z] Command:       C:\Program Files\nodejs\node.exe C:\Users\burha\AppData\Roaming\npm\node_modules\firebase-tools\lib\bin\firebase.js deploy --only functions
[debug] [2019-08-02T03:42:09.872Z] CLI Version:   7.2.2
[debug] [2019-08-02T03:42:09.872Z] Platform:      win32
[debug] [2019-08-02T03:42:09.872Z] Node Version:  v12.3.1
[debug] [2019-08-02T03:42:09.873Z] Time:          Thu Aug 01 2019 23:42:09 GMT-0400 (Eastern Daylight Time)
[debug] [2019-08-02T03:42:09.873Z] ----------------------------------------------------------------------
[debug] 
[debug] [2019-08-02T03:42:09.881Z] > command requires scopes: ["email","openid","https://www.googleapis.com/auth/cloudplatformprojects.readonly","https://www.googleapis.com/auth/firebase","https://www.googleapis.com/auth/cloud-platform"]
[debug] [2019-08-02T03:42:09.882Z] > authorizing via signed-in user
[debug] [2019-08-02T03:42:09.882Z] [iam] checking project mosaic-p5-database for permissions ["cloudfunctions.functions.create","cloudfunctions.functions.delete","cloudfunctions.functions.get","cloudfunctions.functions.list","cloudfunctions.functions.update","cloudfunctions.operations.get","firebase.projects.get"]
[debug] [2019-08-02T03:42:09.884Z] >>> HTTP REQUEST POST https://cloudresourcemanager.googleapis.com/v1/projects/mosaic-p5-database:testIamPermissions  

[debug] [2019-08-02T03:42:10.172Z] <<< HTTP RESPONSE 200
[info] 
[info] === Deploying to 'mosaic-p5-database'...
[info] 
[info] i  deploying functions
[info] Running command: npm --prefix "$RESOURCE_DIR" run lint
[info] +  functions: Finished running predeploy script.
[debug] [2019-08-02T03:42:13.448Z] > [functions] package.json contents: {
  "name": "functions",
  "description": "Cloud Functions for Firebase",
  "scripts": {
    "lint": "eslint .",
    "serve": "firebase serve --only functions",
    "shell": "firebase functions:shell",
    "start": "npm run shell",
    "deploy": "firebase deploy --only functions",
    "logs": "firebase functions:log"
  },
  "engines": {
    "node": "8"
  },
  "dependencies": {
    "firebase-admin": "^8.0.0",
    "firebase-functions": "^3.0.0"
  },
  "devDependencies": {
    "eslint": "^5.12.0",
    "eslint-plugin-promise": "^4.0.1",
    "firebase-functions-test": "^0.1.6"
  },
  "private": true
}
[info] i  functions: ensuring necessary APIs are enabled...
[debug] [2019-08-02T03:42:13.450Z] >>> HTTP REQUEST GET https://serviceusage.googleapis.com/v1/projects/mosaic-p5-database/services/cloudfunctions.googleapis.com  
 
[debug] [2019-08-02T03:42:13.450Z] >>> HTTP REQUEST GET https://serviceusage.googleapis.com/v1/projects/mosaic-p5-database/services/runtimeconfig.googleapis.com  
 
[debug] [2019-08-02T03:42:13.790Z] <<< HTTP RESPONSE 200
[debug] [2019-08-02T03:42:13.813Z] <<< HTTP RESPONSE 200
[info] +  functions: all necessary APIs are enabled
[debug] [2019-08-02T03:42:13.814Z] >>> HTTP REQUEST GET https://firebase.googleapis.com/v1beta1/projects/mosaic-p5-database/adminSdkConfig  
 
[debug] [2019-08-02T03:42:14.096Z] <<< HTTP RESPONSE 200
[info] i  functions: preparing functions directory for uploading...
[debug] [2019-08-02T03:42:14.099Z] >>> HTTP REQUEST GET https://runtimeconfig.googleapis.com/v1beta1/projects/mosaic-p5-database/configs  
 
[debug] [2019-08-02T03:42:14.716Z] <<< HTTP RESPONSE 200
[info] i  functions: packaged functions (37.58 KB) for uploading
[debug] [2019-08-02T03:42:14.958Z] >>> HTTP REQUEST POST https://cloudfunctions.googleapis.com/v1/projects/mosaic-p5-database/locations/us-central1/functions:generateUploadUrl  
 
[debug] [2019-08-02T03:42:15.390Z] <<< HTTP RESPONSE 200
[debug] [2019-08-02T03:42:15.391Z] >>> HTTP REQUEST PUT https://storage.googleapis.com/gcf-upload-us-central1-be442410-17fe-420e-8168-3f205e536e21/5bde7d5f-b980-4cbf-8e35-fc18753dc7d4.zip?GoogleAccessId=service-782311959224@gcf-admin-robot.iam.gserviceaccount.com&Expires=1564719134&Signature=pgXdIk2mVWH0RiQaZ8qdpUNn2t8zvINm%2F2ili5fBuDIheFvid%2FW2wnsM8VT8VEIZVeRW%2FDfIBiPuuTrSEZAfFrBVcJc6I9jf0YY9VZ0vFfc6OJcY3VB78SKiJaRS6B5summpz6DDU%2FqzwQ2ZcSFla1Vb4Fa8WkOALrbJekaWmxVts1HClTe1kkKxNJa4Cj%2FKLAZ%2B5AAaesDOOuJpvk6GIMsKHyi4LdX7dJnPZrx0EtSB0cgwYJpG560pdFgcJqjzTOQUHukOWEYXy1AG1N7Ls%2BgQApvB0vJyWFLoTGigL5HgN2mjSLmMVzyPYGrStDd1BLVSIrsjN0oux6ognw65GA%3D%3D  
 <request body omitted>
[debug] [2019-08-02T03:42:15.621Z] <<< HTTP RESPONSE 200
[info] +  functions: functions folder uploaded successfully
[debug] [2019-08-02T03:42:15.623Z] >>> HTTP REQUEST GET https://cloudfunctions.googleapis.com/v1/projects/mosaic-p5-database/locations/-/functions  
 
[debug] [2019-08-02T03:42:16.154Z] <<< HTTP RESPONSE 200
[info] i  functions: updating Node.js 8 function helloWorld(us-central1)...
[debug] [2019-08-02T03:42:16.158Z] Trigger is:  {"httpsTrigger":{}}
[info] i  functions: updating Node.js 8 function newSession(us-central1)...
[debug] [2019-08-02T03:42:16.159Z] Trigger is:  {"httpsTrigger":{}}
[info] i  functions: updating Node.js 8 function deleteSession(us-central1)...
[debug] [2019-08-02T03:42:16.160Z] Trigger is:  {"httpsTrigger":{}}
[debug] [2019-08-02T03:42:16.160Z] >>> HTTP REQUEST GET https://serviceusage.googleapis.com/v1/projects/mosaic-p5-database/services/cloudscheduler.googleapis.com  
 
[debug] [2019-08-02T03:42:16.470Z] <<< HTTP RESPONSE 200
[debug] [2019-08-02T03:42:16.471Z] >>> HTTP REQUEST PATCH https://cloudfunctions.googleapis.com/v1/projects/mosaic-p5-database/locations/us-central1/functions/helloWorld {"updateMask":"sourceUploadUrl,name,labels,runtime,httpsTrigger"} 

[debug] [2019-08-02T03:42:16.472Z] >>> HTTP REQUEST PATCH https://cloudfunctions.googleapis.com/v1/projects/mosaic-p5-database/locations/us-central1/functions/newSession {"updateMask":"sourceUploadUrl,name,labels,runtime,httpsTrigger"} 

[debug] [2019-08-02T03:42:16.472Z] >>> HTTP REQUEST PATCH https://cloudfunctions.googleapis.com/v1/projects/mosaic-p5-database/locations/us-central1/functions/deleteSession {"updateMask":"sourceUploadUrl,name,labels,runtime,httpsTrigger"} 

[debug] [2019-08-02T03:42:16.910Z] <<< HTTP RESPONSE 200
[debug] [2019-08-02T03:42:16.912Z] <<< HTTP RESPONSE 200
[debug] [2019-08-02T03:42:16.914Z] <<< HTTP RESPONSE 200
[debug] [2019-08-02T03:42:16.914Z] >>> HTTP REQUEST GET https://cloudfunctions.googleapis.com/v1/projects/mosaic-p5-database/locations/-/functions  
 
[debug] [2019-08-02T03:42:17.427Z] <<< HTTP RESPONSE 200
[debug] [2019-08-02T03:42:17.428Z] >>> HTTP REQUEST GET https://cloudfunctions.googleapis.com/v1/operations/bW9zYWljLXA1LWRhdGFiYXNlL3VzLWNlbnRyYWwxL2hlbGxvV29ybGQvc1A2RnNid0NXTjg  
 
[debug] [2019-08-02T03:42:17.428Z] >>> HTTP REQUEST GET https://cloudfunctions.googleapis.com/v1/operations/bW9zYWljLXA1LWRhdGFiYXNlL3VzLWNlbnRyYWwxL25ld1Nlc3Npb24velktZnBVZkJvZms  
 
[debug] [2019-08-02T03:42:17.428Z] >>> HTTP REQUEST GET https://cloudfunctions.googleapis.com/v1/operations/bW9zYWljLXA1LWRhdGFiYXNlL3VzLWNlbnRyYWwxL2RlbGV0ZVNlc3Npb24vOXBPaHVuVEZVUHc  
 
[debug] [2019-08-02T03:42:17.770Z] <<< HTTP RESPONSE 200
[debug] [2019-08-02T03:42:17.771Z] <<< HTTP RESPONSE 200
[debug] [2019-08-02T03:42:17.771Z] <<< HTTP RESPONSE 200
[debug] [2019-08-02T03:42:19.770Z] >>> HTTP REQUEST GET https://cloudfunctions.googleapis.com/v1/operations/bW9zYWljLXA1LWRhdGFiYXNlL3VzLWNlbnRyYWwxL2hlbGxvV29ybGQvc1A2RnNid0NXTjg  
 
[debug] [2019-08-02T03:42:19.771Z] >>> HTTP REQUEST GET https://cloudfunctions.googleapis.com/v1/operations/bW9zYWljLXA1LWRhdGFiYXNlL3VzLWNlbnRyYWwxL25ld1Nlc3Npb24velktZnBVZkJvZms  
 
[debug] [2019-08-02T03:42:19.774Z] >>> HTTP REQUEST GET https://cloudfunctions.googleapis.com/v1/operations/bW9zYWljLXA1LWRhdGFiYXNlL3VzLWNlbnRyYWwxL2RlbGV0ZVNlc3Npb24vOXBPaHVuVEZVUHc  
 
[debug] [2019-08-02T03:42:20.083Z] <<< HTTP RESPONSE 200
[debug] [2019-08-02T03:42:20.088Z] <<< HTTP RESPONSE 200
[debug] [2019-08-02T03:42:20.114Z] <<< HTTP RESPONSE 200
[debug] [2019-08-02T03:42:22.084Z] >>> HTTP REQUEST GET https://cloudfunctions.googleapis.com/v1/operations/bW9zYWljLXA1LWRhdGFiYXNlL3VzLWNlbnRyYWwxL2RlbGV0ZVNlc3Npb24vOXBPaHVuVEZVUHc  
 
[debug] [2019-08-02T03:42:22.090Z] >>> HTTP REQUEST GET https://cloudfunctions.googleapis.com/v1/operations/bW9zYWljLXA1LWRhdGFiYXNlL3VzLWNlbnRyYWwxL2hlbGxvV29ybGQvc1A2RnNid0NXTjg  
 
[debug] [2019-08-02T03:42:22.115Z] >>> HTTP REQUEST GET https://cloudfunctions.googleapis.com/v1/operations/bW9zYWljLXA1LWRhdGFiYXNlL3VzLWNlbnRyYWwxL25ld1Nlc3Npb24velktZnBVZkJvZms  
 
[debug] [2019-08-02T03:42:22.417Z] <<< HTTP RESPONSE 200
[debug] [2019-08-02T03:42:22.429Z] <<< HTTP RESPONSE 200
[debug] [2019-08-02T03:42:22.448Z] <<< HTTP RESPONSE 200
[debug] [2019-08-02T03:42:24.418Z] >>> HTTP REQUEST GET https://cloudfunctions.googleapis.com/v1/operations/bW9zYWljLXA1LWRhdGFiYXNlL3VzLWNlbnRyYWwxL2hlbGxvV29ybGQvc1A2RnNid0NXTjg  
 
[debug] [2019-08-02T03:42:24.431Z] >>> HTTP REQUEST GET https://cloudfunctions.googleapis.com/v1/operations/bW9zYWljLXA1LWRhdGFiYXNlL3VzLWNlbnRyYWwxL2RlbGV0ZVNlc3Npb24vOXBPaHVuVEZVUHc  
 
[debug] [2019-08-02T03:42:24.449Z] >>> HTTP REQUEST GET https://cloudfunctions.googleapis.com/v1/operations/bW9zYWljLXA1LWRhdGFiYXNlL3VzLWNlbnRyYWwxL25ld1Nlc3Npb24velktZnBVZkJvZms  
 
[debug] [2019-08-02T03:42:24.756Z] <<< HTTP RESPONSE 200
[debug] [2019-08-02T03:42:24.765Z] <<< HTTP RESPONSE 200
[debug] [2019-08-02T03:42:24.792Z] <<< HTTP RESPONSE 200
[debug] [2019-08-02T03:42:26.757Z] >>> HTTP REQUEST GET https://cloudfunctions.googleapis.com/v1/operations/bW9zYWljLXA1LWRhdGFiYXNlL3VzLWNlbnRyYWwxL2hlbGxvV29ybGQvc1A2RnNid0NXTjg  
 
[debug] [2019-08-02T03:42:26.766Z] >>> HTTP REQUEST GET https://cloudfunctions.googleapis.com/v1/operations/bW9zYWljLXA1LWRhdGFiYXNlL3VzLWNlbnRyYWwxL2RlbGV0ZVNlc3Npb24vOXBPaHVuVEZVUHc  
 
[debug] [2019-08-02T03:42:26.793Z] >>> HTTP REQUEST GET https://cloudfunctions.googleapis.com/v1/operations/bW9zYWljLXA1LWRhdGFiYXNlL3VzLWNlbnRyYWwxL25ld1Nlc3Npb24velktZnBVZkJvZms  
 
[debug] [2019-08-02T03:42:26.920Z] <<< HTTP RESPONSE 200
[debug] [2019-08-02T03:42:26.934Z] <<< HTTP RESPONSE 200
[debug] [2019-08-02T03:42:27.122Z] <<< HTTP RESPONSE 200
[debug] [2019-08-02T03:42:28.922Z] >>> HTTP REQUEST GET https://cloudfunctions.googleapis.com/v1/operations/bW9zYWljLXA1LWRhdGFiYXNlL3VzLWNlbnRyYWwxL2hlbGxvV29ybGQvc1A2RnNid0NXTjg  
 
[debug] [2019-08-02T03:42:28.935Z] >>> HTTP REQUEST GET https://cloudfunctions.googleapis.com/v1/operations/bW9zYWljLXA1LWRhdGFiYXNlL3VzLWNlbnRyYWwxL2RlbGV0ZVNlc3Npb24vOXBPaHVuVEZVUHc  
 
[debug] [2019-08-02T03:42:29.123Z] >>> HTTP REQUEST GET https://cloudfunctions.googleapis.com/v1/operations/bW9zYWljLXA1LWRhdGFiYXNlL3VzLWNlbnRyYWwxL25ld1Nlc3Npb24velktZnBVZkJvZms  
 
[debug] [2019-08-02T03:42:29.248Z] <<< HTTP RESPONSE 200
[debug] [2019-08-02T03:42:29.282Z] <<< HTTP RESPONSE 200
[debug] [2019-08-02T03:42:29.443Z] <<< HTTP RESPONSE 200
[debug] [2019-08-02T03:42:31.249Z] >>> HTTP REQUEST GET https://cloudfunctions.googleapis.com/v1/operations/bW9zYWljLXA1LWRhdGFiYXNlL3VzLWNlbnRyYWwxL2hlbGxvV29ybGQvc1A2RnNid0NXTjg  
 
[debug] [2019-08-02T03:42:31.283Z] >>> HTTP REQUEST GET https://cloudfunctions.googleapis.com/v1/operations/bW9zYWljLXA1LWRhdGFiYXNlL3VzLWNlbnRyYWwxL2RlbGV0ZVNlc3Npb24vOXBPaHVuVEZVUHc  
 
[debug] [2019-08-02T03:42:31.443Z] >>> HTTP REQUEST GET https://cloudfunctions.googleapis.com/v1/operations/bW9zYWljLXA1LWRhdGFiYXNlL3VzLWNlbnRyYWwxL25ld1Nlc3Npb24velktZnBVZkJvZms  
 
[debug] [2019-08-02T03:42:31.580Z] <<< HTTP RESPONSE 200
[debug] [2019-08-02T03:42:31.635Z] <<< HTTP RESPONSE 200
[debug] [2019-08-02T03:42:31.783Z] <<< HTTP RESPONSE 200
[debug] [2019-08-02T03:42:33.580Z] >>> HTTP REQUEST GET https://cloudfunctions.googleapis.com/v1/operations/bW9zYWljLXA1LWRhdGFiYXNlL3VzLWNlbnRyYWwxL2hlbGxvV29ybGQvc1A2RnNid0NXTjg  
 
[debug] [2019-08-02T03:42:33.636Z] >>> HTTP REQUEST GET https://cloudfunctions.googleapis.com/v1/operations/bW9zYWljLXA1LWRhdGFiYXNlL3VzLWNlbnRyYWwxL2RlbGV0ZVNlc3Npb24vOXBPaHVuVEZVUHc  
 
[debug] [2019-08-02T03:42:33.784Z] >>> HTTP REQUEST GET https://cloudfunctions.googleapis.com/v1/operations/bW9zYWljLXA1LWRhdGFiYXNlL3VzLWNlbnRyYWwxL25ld1Nlc3Npb24velktZnBVZkJvZms  
 
[debug] [2019-08-02T03:42:33.903Z] <<< HTTP RESPONSE 200
[debug] [2019-08-02T03:42:33.986Z] <<< HTTP RESPONSE 200
[debug] [2019-08-02T03:42:34.132Z] <<< HTTP RESPONSE 200
[debug] [2019-08-02T03:42:35.904Z] >>> HTTP REQUEST GET https://cloudfunctions.googleapis.com/v1/operations/bW9zYWljLXA1LWRhdGFiYXNlL3VzLWNlbnRyYWwxL2hlbGxvV29ybGQvc1A2RnNid0NXTjg  
 
[debug] [2019-08-02T03:42:35.987Z] >>> HTTP REQUEST GET https://cloudfunctions.googleapis.com/v1/operations/bW9zYWljLXA1LWRhdGFiYXNlL3VzLWNlbnRyYWwxL2RlbGV0ZVNlc3Npb24vOXBPaHVuVEZVUHc  
 
[debug] [2019-08-02T03:42:36.068Z] <<< HTTP RESPONSE 200
[debug] [2019-08-02T03:42:36.134Z] >>> HTTP REQUEST GET https://cloudfunctions.googleapis.com/v1/operations/bW9zYWljLXA1LWRhdGFiYXNlL3VzLWNlbnRyYWwxL25ld1Nlc3Npb24velktZnBVZkJvZms  
 
[debug] [2019-08-02T03:42:36.329Z] <<< HTTP RESPONSE 200
[debug] [2019-08-02T03:42:36.490Z] <<< HTTP RESPONSE 200
[debug] [2019-08-02T03:42:38.069Z] >>> HTTP REQUEST GET https://cloudfunctions.googleapis.com/v1/operations/bW9zYWljLXA1LWRhdGFiYXNlL3VzLWNlbnRyYWwxL2hlbGxvV29ybGQvc1A2RnNid0NXTjg  
 
[debug] [2019-08-02T03:42:38.329Z] >>> HTTP REQUEST GET https://cloudfunctions.googleapis.com/v1/operations/bW9zYWljLXA1LWRhdGFiYXNlL3VzLWNlbnRyYWwxL2RlbGV0ZVNlc3Npb24vOXBPaHVuVEZVUHc  
 
[debug] [2019-08-02T03:42:38.387Z] <<< HTTP RESPONSE 200
[debug] [2019-08-02T03:42:38.490Z] >>> HTTP REQUEST GET https://cloudfunctions.googleapis.com/v1/operations/bW9zYWljLXA1LWRhdGFiYXNlL3VzLWNlbnRyYWwxL25ld1Nlc3Npb24velktZnBVZkJvZms  
 
